Grading 38 predictions across 3 completed game(s)...
Ledger updated.

Rolling stats over 682 graded predictions (since 2026-06-20):
  Brier score: 0.234 (0 = perfect, 0.25 = always guessing 50%)
  Average predicted P(hit): 65.9%   Actual hit rate: 61.9%

Calibration by predicted-probability bucket:
PredRange   N  AvgPredicted  ActualFrequency
  0.4-0.6 101          0.57             0.52
  0.6-0.8 565          0.67             0.63
  0.8-1.0  16          0.82             0.81
Grading 25 predictions across 3 completed game(s)...
Ledger updated.

Rolling stats over 803 graded predictions (since 2026-06-20):
  Brier score: 0.234 (0 = perfect, 0.25 = always guessing 50%)
  Average predicted P(hit): 65.9%   Actual hit rate: 61.9%

Calibration by predicted-probability bucket:
PredRange   N  AvgPredicted  ActualFrequency
  0.4-0.6 122          0.57             0.54
  0.6-0.8 661          0.67             0.63
  0.8-1.0  20          0.82             0.75
