/Users/victoria/Documents/anaconda3/lib/python3.11/site-packages/pandas/core/arrays/masked.py:61: UserWarning: Pandas requires version '1.3.6' or newer of 'bottleneck' (version '1.3.5' currently installed).
  from pandas.core import (
/Users/victoria/Desktop/mlb_hits_model/scripts/run_daily_wc.py:49: FutureWarning: The behavior of DataFrame concatenation with empty or all-NA entries is deprecated. In a future version, this will no longer exclude empty or all-NA columns when determining the result dtypes. To retain the old behavior, exclude the relevant entries before the concat operation.
  combined = pd.concat([df_existing, df_new], ignore_index=True)
Fetching World Cup match data...

  82 completed matches found for rating computation.
  Computed ratings for 48 teams.

Generating predictions for 10 match(es):

  Portugal                     vs Croatia
    xG: 1.88 - 0.93  |  Home 59.7%  Draw 22.1%  Away 18.2%  |  O2.5: 53.4%
    Games played: 3 / 3

  Spain                        vs Austria
    xG: 1.88 - 0.82  |  Home 62.3%  Draw 21.8%  Away 15.8%  |  O2.5: 50.8%
    Games played: 3 / 3

  Switzerland                  vs Algeria
    xG: 2.54 - 1.31  |  Home 64.0%  Draw 17.8%  Away 18.2%  |  O2.5: 73.8%
    Games played: 3 / 3

  Argentina                    vs Cape Verde
    xG: 1.50 - 0.62  |  Home 58.7%  Draw 26.0%  Away 15.2%  |  O2.5: 35.5%
    Games played: 3 / 3

  Colombia                     vs Ghana
    xG: 1.00 - 0.62  |  Home 43.6%  Draw 34.2%  Away 22.2%  |  O2.5: 22.0%
    Games played: 3 / 3

  Australia                    vs Egypt
    xG: 0.87 - 1.12  |  Home 28.1%  Draw 30.6%  Away 41.3%  |  O2.5: 32.1%
    Games played: 3 / 3

  Paraguay                     vs France
    xG: 0.64 - 2.36  |  Home 8.3%  Draw 15.9%  Away 75.9%  |  O2.5: 57.6%
    Games played: 4 / 4

  Canada                       vs Morocco
    xG: 1.60 - 1.18  |  Home 47.1%  Draw 24.8%  Away 28.2%  |  O2.5: 52.6%
    Games played: 4 / 4

  Brazil                       vs Norway
    xG: 2.41 - 1.29  |  Home 62.2%  Draw 18.7%  Away 19.2%  |  O2.5: 71.3%
    Games played: 4 / 4

  Mexico                       vs England
    xG: 1.29 - 0.73  |  Home 49.9%  Draw 29.0%  Away 21.1%  |  O2.5: 32.8%
    Games played: 4 / 4

Logged 10 WC predictions to /Users/victoria/Desktop/mlb_hits_model/data/ledger/wc_predictions_log.csv
