Found 13 games today (2026-06-22).

New York Yankees @ Detroit Tigers (Comerica Park) [Scheduled]
  [skip] New York Yankees @ Detroit Tigers: lineups not posted yet
Kansas City Royals @ Tampa Bay Rays (Tropicana Field) [Scheduled]
  [skip] Kansas City Royals @ Tampa Bay Rays: lineups not posted yet
Texas Rangers @ Miami Marlins (loanDepot park) [Scheduled]
  [skip] Texas Rangers @ Miami Marlins: lineups not posted yet
Philadelphia Phillies @ Washington Nationals (Nationals Park) [Scheduled]
  [skip] Philadelphia Phillies @ Washington Nationals: lineups not posted yet
Houston Astros @ Toronto Blue Jays (Rogers Centre) [Scheduled]
  [skip] Houston Astros @ Toronto Blue Jays: lineups not posted yet
Chicago Cubs @ New York Mets (Citi Field) [Scheduled]
  [skip] Chicago Cubs @ New York Mets: lineups not posted yet
Milwaukee Brewers @ Cincinnati Reds (Great American Ball Park) [Scheduled]
  [skip] Milwaukee Brewers @ Cincinnati Reds: lineups not posted yet
Los Angeles Dodgers @ Minnesota Twins (Target Field) [Scheduled]
  [skip] Los Angeles Dodgers @ Minnesota Twins: lineups not posted yet
Cleveland Guardians @ Chicago White Sox (Rate Field) [Scheduled]
  [skip] Cleveland Guardians @ Chicago White Sox: lineups not posted yet
Arizona Diamondbacks @ St. Louis Cardinals (Busch Stadium) [Scheduled]
  [skip] Arizona Diamondbacks @ St. Louis Cardinals: lineups not posted yet
Boston Red Sox @ Colorado Rockies (Coors Field) [Scheduled]
  [skip] Boston Red Sox @ Colorado Rockies: lineups not posted yet
Baltimore Orioles @ Los Angeles Angels (Angel Stadium) [Scheduled]
  [skip] Baltimore Orioles @ Los Angeles Angels: lineups not posted yet
Atlanta Braves @ San Diego Padres (Petco Park) [Scheduled]
  [skip] Atlanta Braves @ San Diego Padres: lineups not posted yet

No confirmed lineups available yet -- try again closer to first pitch.
Found 15 games today (2026-06-23).

Houston Astros @ Toronto Blue Jays (Rogers Centre) [Scheduled]
  [skip] Houston Astros @ Toronto Blue Jays: lineups not posted yet
Seattle Mariners @ Pittsburgh Pirates (PNC Park) [Scheduled]
  [skip] Seattle Mariners @ Pittsburgh Pirates: lineups not posted yet
Kansas City Royals @ Tampa Bay Rays (Tropicana Field) [Scheduled]
  [skip] Kansas City Royals @ Tampa Bay Rays: lineups not posted yet
Texas Rangers @ Miami Marlins (loanDepot park) [Scheduled]
  [skip] Texas Rangers @ Miami Marlins: lineups not posted yet
New York Yankees @ Detroit Tigers (Comerica Park) [Scheduled]
  [skip] New York Yankees @ Detroit Tigers: lineups not posted yet
Philadelphia Phillies @ Washington Nationals (Nationals Park) [Scheduled]
  [skip] Philadelphia Phillies @ Washington Nationals: lineups not posted yet
Chicago Cubs @ New York Mets (Citi Field) [Scheduled]
  [skip] Chicago Cubs @ New York Mets: lineups not posted yet
Milwaukee Brewers @ Cincinnati Reds (Great American Ball Park) [Scheduled]
  [skip] Milwaukee Brewers @ Cincinnati Reds: lineups not posted yet
Los Angeles Dodgers @ Minnesota Twins (Target Field) [Scheduled]
  [skip] Los Angeles Dodgers @ Minnesota Twins: lineups not posted yet
Cleveland Guardians @ Chicago White Sox (Rate Field) [Scheduled]
  [skip] Cleveland Guardians @ Chicago White Sox: lineups not posted yet
Arizona Diamondbacks @ St. Louis Cardinals (Busch Stadium) [Scheduled]
  [skip] Arizona Diamondbacks @ St. Louis Cardinals: lineups not posted yet
Boston Red Sox @ Colorado Rockies (Coors Field) [Scheduled]
  [skip] Boston Red Sox @ Colorado Rockies: lineups not posted yet
Baltimore Orioles @ Los Angeles Angels (Angel Stadium) [Scheduled]
  [skip] Baltimore Orioles @ Los Angeles Angels: lineups not posted yet
Atlanta Braves @ San Diego Padres (Petco Park) [Scheduled]
  [skip] Atlanta Braves @ San Diego Padres: lineups not posted yet
Athletics @ San Francisco Giants (Oracle Park) [Scheduled]
  [skip] Athletics @ San Francisco Giants: lineups not posted yet

No confirmed lineups available yet -- try again closer to first pitch.
Found 9 games today (2026-06-25).

Kansas City Royals @ Tampa Bay Rays (Tropicana Field) [Pre-Game]
Seattle Mariners @ Pittsburgh Pirates (PNC Park) [Pre-Game]
  [skip] Seattle Mariners batters: no probable pitcher found for Pittsburgh Pirates
Athletics @ San Francisco Giants (Oracle Park) [Scheduled]
  [skip] Athletics @ San Francisco Giants: lineups not posted yet
Houston Astros @ Detroit Tigers (Comerica Park) [Scheduled]
  [skip] Houston Astros @ Detroit Tigers: lineups not posted yet
Philadelphia Phillies @ Washington Nationals (Nationals Park) [Scheduled]
  [skip] Philadelphia Phillies @ Washington Nationals: lineups not posted yet
Texas Rangers @ Toronto Blue Jays (Rogers Centre) [Scheduled]
  [skip] Texas Rangers @ Toronto Blue Jays: lineups not posted yet
Chicago Cubs @ New York Mets (Citi Field) [Scheduled]
  [skip] Chicago Cubs @ New York Mets: lineups not posted yet
New York Yankees @ Boston Red Sox (Fenway Park) [Scheduled]
  [skip] New York Yankees @ Boston Red Sox: lineups not posted yet
Arizona Diamondbacks @ St. Louis Cardinals (Busch Stadium) [Scheduled]
  [skip] Arizona Diamondbacks @ St. Louis Cardinals: lineups not posted yet

Top 10 highest hit-probability batters today:
  Yandy Díaz             Tampa Bay Rays       P(hit)=80.0%  vs Seth Lugo (Tropicana Field)
  Jonathan Aranda        Tampa Bay Rays       P(hit)=75.0%  vs Seth Lugo (Tropicana Field)
  Jac Caglianone         Kansas City Royals   P(hit)=74.7%  vs Casey Legumina (Tropicana Field)
  Junior Caminero        Tampa Bay Rays       P(hit)=73.8%  vs Seth Lugo (Tropicana Field)
  Carter Jensen          Kansas City Royals   P(hit)=73.0%  vs Casey Legumina (Tropicana Field)
  Nick Loftin            Kansas City Royals   P(hit)=72.6%  vs Casey Legumina (Tropicana Field)
  Josh Rojas             Kansas City Royals   P(hit)=70.6%  vs Casey Legumina (Tropicana Field)
  Chandler Simpson       Tampa Bay Rays       P(hit)=68.9%  vs Seth Lugo (Tropicana Field)
  Lane Thomas            Kansas City Royals   P(hit)=68.5%  vs Casey Legumina (Tropicana Field)
  Richie Palacios        Tampa Bay Rays       P(hit)=67.1%  vs Seth Lugo (Tropicana Field)

Logged 18 predictions to /Users/victoria/Desktop/mlb_hits_model/data/ledger/predictions_log.csv
