Fetching World Cup data...

  82 completed matches for player rating computation.
  Tracked 164 players who scored in this tournament.

  Portugal vs Croatia
    Cristiano Ronaldo            Portugal               goals=2  λ=0.986  P(scores)=62.7%
    João Neves                   Portugal               goals=1  λ=0.592  P(scores)=44.7%
    Nuno Mendes                  Portugal               goals=1  λ=0.592  P(scores)=44.7%
    Abduvohid Nematov            Portugal               goals=1  λ=0.592  P(scores)=44.7%
    Rafael Leão                  Portugal               goals=1  λ=0.592  P(scores)=44.7%
    Martin Baturina              Croatia                goals=1  λ=0.231  P(scores)=20.6%

  Spain vs Austria
    Mikel Oyarzabal              Spain                  goals=2  λ=1.183  P(scores)=69.4%
    Lamine Yamal                 Spain                  goals=1  λ=0.710  P(scores)=50.8%
    Hassan Al-Tambakti           Spain                  goals=1  λ=0.710  P(scores)=50.8%
    Álex Baena                   Spain                  goals=1  λ=0.710  P(scores)=50.8%
    Marko Arnautovic             Austria                goals=2  λ=0.294  P(scores)=25.5%
    Romano Schmid                Austria                goals=1  λ=0.231  P(scores)=20.6%

  Switzerland vs Algeria
    Johan Manzambi               Switzerland            goals=3  λ=1.478  P(scores)=77.2%
    Rubén Vargas                 Switzerland            goals=2  λ=1.056  P(scores)=65.2%
    Breel Embolo                 Switzerland            goals=1  λ=0.828  P(scores)=56.3%
    Granit Xhaka                 Switzerland            goals=1  λ=0.828  P(scores)=56.3%
    Riyad Mahrez                 Algeria                goals=2  λ=0.592  P(scores)=44.7%
    Nadhir Benbouali             Algeria                goals=1  λ=0.355  P(scores)=29.9%

Logged 27 new goalscorer predictions to /Users/victoria/Desktop/mlb_hits_model/data/ledger/wc_gs_predictions_log.csv
