Found 13 games today (2026-06-22).

New York Yankees @ Detroit Tigers (Comerica Park) [Scheduled]
  [skip] New York Yankees @ Detroit Tigers: lineups not posted yet
Kansas City Royals @ Tampa Bay Rays (Tropicana Field) [Scheduled]
  [skip] Kansas City Royals @ Tampa Bay Rays: lineups not posted yet
Texas Rangers @ Miami Marlins (loanDepot park) [Scheduled]
  [skip] Texas Rangers @ Miami Marlins: lineups not posted yet
Philadelphia Phillies @ Washington Nationals (Nationals Park) [Scheduled]
  [skip] Philadelphia Phillies @ Washington Nationals: lineups not posted yet
Houston Astros @ Toronto Blue Jays (Rogers Centre) [Scheduled]
  [skip] Houston Astros @ Toronto Blue Jays: lineups not posted yet
Chicago Cubs @ New York Mets (Citi Field) [Scheduled]
  [skip] Chicago Cubs @ New York Mets: lineups not posted yet
Milwaukee Brewers @ Cincinnati Reds (Great American Ball Park) [Scheduled]
  [skip] Milwaukee Brewers @ Cincinnati Reds: lineups not posted yet
Los Angeles Dodgers @ Minnesota Twins (Target Field) [Scheduled]
  [skip] Los Angeles Dodgers @ Minnesota Twins: lineups not posted yet
Cleveland Guardians @ Chicago White Sox (Rate Field) [Scheduled]
  [skip] Cleveland Guardians @ Chicago White Sox: lineups not posted yet
Arizona Diamondbacks @ St. Louis Cardinals (Busch Stadium) [Scheduled]
  [skip] Arizona Diamondbacks @ St. Louis Cardinals: lineups not posted yet
Boston Red Sox @ Colorado Rockies (Coors Field) [Scheduled]
  [skip] Boston Red Sox @ Colorado Rockies: lineups not posted yet
Baltimore Orioles @ Los Angeles Angels (Angel Stadium) [Scheduled]
  [skip] Baltimore Orioles @ Los Angeles Angels: lineups not posted yet
Atlanta Braves @ San Diego Padres (Petco Park) [Scheduled]
  [skip] Atlanta Braves @ San Diego Padres: lineups not posted yet

No confirmed lineups available yet -- try again closer to first pitch.
Found 15 games today (2026-06-23).

Houston Astros @ Toronto Blue Jays (Rogers Centre) [Scheduled]
  [skip] Houston Astros @ Toronto Blue Jays: lineups not posted yet
Seattle Mariners @ Pittsburgh Pirates (PNC Park) [Scheduled]
  [skip] Seattle Mariners @ Pittsburgh Pirates: lineups not posted yet
Kansas City Royals @ Tampa Bay Rays (Tropicana Field) [Scheduled]
  [skip] Kansas City Royals @ Tampa Bay Rays: lineups not posted yet
Texas Rangers @ Miami Marlins (loanDepot park) [Scheduled]
  [skip] Texas Rangers @ Miami Marlins: lineups not posted yet
New York Yankees @ Detroit Tigers (Comerica Park) [Scheduled]
  [skip] New York Yankees @ Detroit Tigers: lineups not posted yet
Philadelphia Phillies @ Washington Nationals (Nationals Park) [Scheduled]
  [skip] Philadelphia Phillies @ Washington Nationals: lineups not posted yet
Chicago Cubs @ New York Mets (Citi Field) [Scheduled]
  [skip] Chicago Cubs @ New York Mets: lineups not posted yet
Milwaukee Brewers @ Cincinnati Reds (Great American Ball Park) [Scheduled]
  [skip] Milwaukee Brewers @ Cincinnati Reds: lineups not posted yet
Los Angeles Dodgers @ Minnesota Twins (Target Field) [Scheduled]
  [skip] Los Angeles Dodgers @ Minnesota Twins: lineups not posted yet
Cleveland Guardians @ Chicago White Sox (Rate Field) [Scheduled]
  [skip] Cleveland Guardians @ Chicago White Sox: lineups not posted yet
Arizona Diamondbacks @ St. Louis Cardinals (Busch Stadium) [Scheduled]
  [skip] Arizona Diamondbacks @ St. Louis Cardinals: lineups not posted yet
Boston Red Sox @ Colorado Rockies (Coors Field) [Scheduled]
  [skip] Boston Red Sox @ Colorado Rockies: lineups not posted yet
Baltimore Orioles @ Los Angeles Angels (Angel Stadium) [Scheduled]
  [skip] Baltimore Orioles @ Los Angeles Angels: lineups not posted yet
Atlanta Braves @ San Diego Padres (Petco Park) [Scheduled]
  [skip] Atlanta Braves @ San Diego Padres: lineups not posted yet
Athletics @ San Francisco Giants (Oracle Park) [Scheduled]
  [skip] Athletics @ San Francisco Giants: lineups not posted yet

No confirmed lineups available yet -- try again closer to first pitch.
Found 9 games today (2026-06-25).

Kansas City Royals @ Tampa Bay Rays (Tropicana Field) [Pre-Game]
Seattle Mariners @ Pittsburgh Pirates (PNC Park) [Pre-Game]
  [skip] Seattle Mariners batters: no probable pitcher found for Pittsburgh Pirates
Athletics @ San Francisco Giants (Oracle Park) [Scheduled]
  [skip] Athletics @ San Francisco Giants: lineups not posted yet
Houston Astros @ Detroit Tigers (Comerica Park) [Scheduled]
  [skip] Houston Astros @ Detroit Tigers: lineups not posted yet
Philadelphia Phillies @ Washington Nationals (Nationals Park) [Scheduled]
  [skip] Philadelphia Phillies @ Washington Nationals: lineups not posted yet
Texas Rangers @ Toronto Blue Jays (Rogers Centre) [Scheduled]
  [skip] Texas Rangers @ Toronto Blue Jays: lineups not posted yet
Chicago Cubs @ New York Mets (Citi Field) [Scheduled]
  [skip] Chicago Cubs @ New York Mets: lineups not posted yet
New York Yankees @ Boston Red Sox (Fenway Park) [Scheduled]
  [skip] New York Yankees @ Boston Red Sox: lineups not posted yet
Arizona Diamondbacks @ St. Louis Cardinals (Busch Stadium) [Scheduled]
  [skip] Arizona Diamondbacks @ St. Louis Cardinals: lineups not posted yet

Top 10 highest home-run-probability batters today:
  Jac Caglianone         Kansas City Royals   P(HR)=14.3%  vs Casey Legumina (Tropicana Field)
  Junior Caminero        Tampa Bay Rays       P(HR)=12.2%  vs Seth Lugo (Tropicana Field)
  Carter Jensen          Kansas City Royals   P(HR)=12.2%  vs Casey Legumina (Tropicana Field)
  Yandy Díaz             Tampa Bay Rays       P(HR)=11.7%  vs Seth Lugo (Tropicana Field)
  Jonathan Aranda        Tampa Bay Rays       P(HR)=11.6%  vs Seth Lugo (Tropicana Field)
  Josh Rojas             Kansas City Royals   P(HR)=10.8%  vs Casey Legumina (Tropicana Field)
  Lane Thomas            Kansas City Royals   P(HR)=10.8%  vs Casey Legumina (Tropicana Field)
  Nick Loftin            Kansas City Royals   P(HR)=10.6%  vs Casey Legumina (Tropicana Field)
  Cedric Mullins         Tampa Bay Rays       P(HR)=9.4%  vs Seth Lugo (Tropicana Field)
  Salvador Perez         Kansas City Royals   P(HR)=9.1%  vs Casey Legumina (Tropicana Field)

Logged 18 HR predictions to /Users/victoria/Desktop/mlb_hits_model/data/ledger/hr_predictions_log.csv
Found 15 games today (2026-06-26).

Houston Astros @ Detroit Tigers (Comerica Park) [Scheduled]
  [skip] Houston Astros @ Detroit Tigers: lineups not posted yet
Cincinnati Reds @ Pittsburgh Pirates (PNC Park) [Scheduled]
  [skip] Cincinnati Reds @ Pittsburgh Pirates: lineups not posted yet
Washington Nationals @ Baltimore Orioles (Oriole Park at Camden Yards) [Scheduled]
  [skip] Washington Nationals @ Baltimore Orioles: lineups not posted yet
Texas Rangers @ Toronto Blue Jays (Rogers Centre) [Scheduled]
  [skip] Texas Rangers @ Toronto Blue Jays: lineups not posted yet
Seattle Mariners @ Cleveland Guardians (Progressive Field) [Scheduled]
  [skip] Seattle Mariners @ Cleveland Guardians: lineups not posted yet
Arizona Diamondbacks @ Tampa Bay Rays (Tropicana Field) [Scheduled]
  [skip] Arizona Diamondbacks @ Tampa Bay Rays: lineups not posted yet
Philadelphia Phillies @ New York Mets (Citi Field) [Scheduled]
  [skip] Philadelphia Phillies @ New York Mets: lineups not posted yet
New York Yankees @ Boston Red Sox (Fenway Park) [Scheduled]
  [skip] New York Yankees @ Boston Red Sox: lineups not posted yet
Kansas City Royals @ Chicago White Sox (Rate Field) [Scheduled]
  [skip] Kansas City Royals @ Chicago White Sox: lineups not posted yet
Chicago Cubs @ Milwaukee Brewers (American Family Field) [Scheduled]
  [skip] Chicago Cubs @ Milwaukee Brewers: lineups not posted yet
Colorado Rockies @ Minnesota Twins (Target Field) [Scheduled]
  [skip] Colorado Rockies @ Minnesota Twins: lineups not posted yet
Miami Marlins @ St. Louis Cardinals (Busch Stadium) [Scheduled]
  [skip] Miami Marlins @ St. Louis Cardinals: lineups not posted yet
Athletics @ Los Angeles Angels (Angel Stadium) [Scheduled]
  [skip] Athletics @ Los Angeles Angels: lineups not posted yet
Los Angeles Dodgers @ San Diego Padres (Petco Park) [Scheduled]
  [skip] Los Angeles Dodgers @ San Diego Padres: lineups not posted yet
Atlanta Braves @ San Francisco Giants (Oracle Park) [Scheduled]
  [skip] Atlanta Braves @ San Francisco Giants: lineups not posted yet

No confirmed lineups available yet -- try again closer to first pitch.
/Users/victoria/Documents/anaconda3/lib/python3.11/site-packages/pandas/core/arrays/masked.py:61: UserWarning: Pandas requires version '1.3.6' or newer of 'bottleneck' (version '1.3.5' currently installed).
  from pandas.core import (
Found 15 games today (2026-06-28).

Washington Nationals @ Baltimore Orioles (Oriole Park at Camden Yards) [Scheduled]
  [skip] Washington Nationals @ Baltimore Orioles: lineups not posted yet
Cincinnati Reds @ Pittsburgh Pirates (PNC Park) [Scheduled]
  [skip] Cincinnati Reds @ Pittsburgh Pirates: lineups not posted yet
Texas Rangers @ Toronto Blue Jays (Rogers Centre) [Scheduled]
  [skip] Texas Rangers @ Toronto Blue Jays: lineups not posted yet
Houston Astros @ Detroit Tigers (Comerica Park) [Scheduled]
  [skip] Houston Astros @ Detroit Tigers: lineups not posted yet
Seattle Mariners @ Cleveland Guardians (Progressive Field) [Scheduled]
  [skip] Seattle Mariners @ Cleveland Guardians: lineups not posted yet
Arizona Diamondbacks @ Tampa Bay Rays (Tropicana Field) [Scheduled]
  [skip] Arizona Diamondbacks @ Tampa Bay Rays: lineups not posted yet
Philadelphia Phillies @ New York Mets (Citi Field) [Scheduled]
  [skip] Philadelphia Phillies @ New York Mets: lineups not posted yet
Colorado Rockies @ Minnesota Twins (Target Field) [Scheduled]
  [skip] Colorado Rockies @ Minnesota Twins: lineups not posted yet
Kansas City Royals @ Chicago White Sox (Rate Field) [Scheduled]
  [skip] Kansas City Royals @ Chicago White Sox: lineups not posted yet
Chicago Cubs @ Milwaukee Brewers (American Family Field) [Scheduled]
  [skip] Chicago Cubs @ Milwaukee Brewers: lineups not posted yet
Miami Marlins @ St. Louis Cardinals (Busch Stadium) [Scheduled]
  [skip] Miami Marlins @ St. Louis Cardinals: lineups not posted yet
Athletics @ Los Angeles Angels (Angel Stadium) [Scheduled]
  [skip] Athletics @ Los Angeles Angels: lineups not posted yet
Atlanta Braves @ San Francisco Giants (Oracle Park) [Scheduled]
  [skip] Atlanta Braves @ San Francisco Giants: lineups not posted yet
Los Angeles Dodgers @ San Diego Padres (Petco Park) [Scheduled]
  [skip] Los Angeles Dodgers @ San Diego Padres: lineups not posted yet
New York Yankees @ Boston Red Sox (Fenway Park) [Scheduled]
  [skip] New York Yankees @ Boston Red Sox: lineups not posted yet

No confirmed lineups available yet -- try again closer to first pitch.
/Users/victoria/Documents/anaconda3/lib/python3.11/site-packages/pandas/core/arrays/masked.py:61: UserWarning: Pandas requires version '1.3.6' or newer of 'bottleneck' (version '1.3.5' currently installed).
  from pandas.core import (
Found 13 games today (2026-06-29).

Chicago White Sox @ Baltimore Orioles (Oriole Park at Camden Yards) [Scheduled]
  [skip] Chicago White Sox @ Baltimore Orioles: lineups not posted yet
Pittsburgh Pirates @ Philadelphia Phillies (Citizens Bank Park) [Scheduled]
  [skip] Pittsburgh Pirates @ Philadelphia Phillies: lineups not posted yet
Detroit Tigers @ New York Yankees (Yankee Stadium) [Scheduled]
  [skip] Detroit Tigers @ New York Yankees: lineups not posted yet
New York Mets @ Toronto Blue Jays (Rogers Centre) [Scheduled]
  [skip] New York Mets @ Toronto Blue Jays: lineups not posted yet
Washington Nationals @ Boston Red Sox (Fenway Park) [Scheduled]
  [skip] Washington Nationals @ Boston Red Sox: lineups not posted yet
Texas Rangers @ Cleveland Guardians (Progressive Field) [Scheduled]
  [skip] Texas Rangers @ Cleveland Guardians: lineups not posted yet
Cincinnati Reds @ Milwaukee Brewers (American Family Field) [Scheduled]
  [skip] Cincinnati Reds @ Milwaukee Brewers: lineups not posted yet
San Diego Padres @ Chicago Cubs (Wrigley Field) [Scheduled]
  [skip] San Diego Padres @ Chicago Cubs: lineups not posted yet
Minnesota Twins @ Houston Astros (Daikin Park) [Scheduled]
  [skip] Minnesota Twins @ Houston Astros: lineups not posted yet
Miami Marlins @ Colorado Rockies (Coors Field) [Scheduled]
  [skip] Miami Marlins @ Colorado Rockies: lineups not posted yet
Los Angeles Dodgers @ Athletics (Sutter Health Park) [Scheduled]
  [skip] Los Angeles Dodgers @ Athletics: lineups not posted yet
Los Angeles Angels @ Seattle Mariners (T-Mobile Park) [Scheduled]
  [skip] Los Angeles Angels @ Seattle Mariners: lineups not posted yet
San Francisco Giants @ Arizona Diamondbacks (Chase Field) [Scheduled]
  [skip] San Francisco Giants @ Arizona Diamondbacks: lineups not posted yet

No confirmed lineups available yet -- try again closer to first pitch.
/Users/victoria/Documents/anaconda3/lib/python3.11/site-packages/pandas/core/arrays/masked.py:61: UserWarning: Pandas requires version '1.3.6' or newer of 'bottleneck' (version '1.3.5' currently installed).
  from pandas.core import (
Found 15 games today (2026-06-30).

Chicago White Sox @ Baltimore Orioles (Oriole Park at Camden Yards) [Scheduled]
  [skip] Chicago White Sox @ Baltimore Orioles: lineups not posted yet
Texas Rangers @ Cleveland Guardians (Progressive Field) [Scheduled]
  [skip] Texas Rangers @ Cleveland Guardians: lineups not posted yet
Pittsburgh Pirates @ Philadelphia Phillies (Citizens Bank Park) [Scheduled]
  [skip] Pittsburgh Pirates @ Philadelphia Phillies: lineups not posted yet
Detroit Tigers @ New York Yankees (Yankee Stadium) [Scheduled]
  [skip] Detroit Tigers @ New York Yankees: lineups not posted yet
New York Mets @ Toronto Blue Jays (Rogers Centre) [Scheduled]
  [skip] New York Mets @ Toronto Blue Jays: lineups not posted yet
Washington Nationals @ Boston Red Sox (Fenway Park) [Scheduled]
  [skip] Washington Nationals @ Boston Red Sox: lineups not posted yet
St. Louis Cardinals @ Atlanta Braves (Truist Park) [Scheduled]
  [skip] St. Louis Cardinals @ Atlanta Braves: lineups not posted yet
Tampa Bay Rays @ Kansas City Royals (Kauffman Stadium) [Scheduled]
  [skip] Tampa Bay Rays @ Kansas City Royals: lineups not posted yet
Cincinnati Reds @ Milwaukee Brewers (American Family Field) [Scheduled]
  [skip] Cincinnati Reds @ Milwaukee Brewers: lineups not posted yet
San Diego Padres @ Chicago Cubs (Wrigley Field) [Scheduled]
  [skip] San Diego Padres @ Chicago Cubs: lineups not posted yet
Minnesota Twins @ Houston Astros (Daikin Park) [Scheduled]
  [skip] Minnesota Twins @ Houston Astros: lineups not posted yet
Miami Marlins @ Colorado Rockies (Coors Field) [Scheduled]
  [skip] Miami Marlins @ Colorado Rockies: lineups not posted yet
Los Angeles Dodgers @ Athletics (Sutter Health Park) [Scheduled]
  [skip] Los Angeles Dodgers @ Athletics: lineups not posted yet
Los Angeles Angels @ Seattle Mariners (T-Mobile Park) [Scheduled]
  [skip] Los Angeles Angels @ Seattle Mariners: lineups not posted yet
San Francisco Giants @ Arizona Diamondbacks (Chase Field) [Scheduled]
  [skip] San Francisco Giants @ Arizona Diamondbacks: lineups not posted yet

No confirmed lineups available yet -- try again closer to first pitch.
